<?xml version="1.0" encoding="UTF-8"?>
<!-- Generated by org.testng.reporters.JUnitReportReporter -->
<testsuite hostname="Niveadiha-PC" failures="0" tests="2" name="com.test.ERports" time="7.293" errors="0" timestamp="2023-11-06T04:51:53 PST" skipped="0">
  <testcase classname="com.test.ERports" name="tc1" time="7.273"/>
  <testcase classname="com.test.ERports" name="tc2" time="0.020"/>
</testsuite> <!-- com.test.ERports -->
